<?xml version="1.0" encoding="UTF-8"?>
<testng-results ignored="0" total="1" passed="1" failed="0" skipped="0">
  <reporter-output>
  </reporter-output>
  <suite started-at="2026-01-13T16:13:00 IST" name="Suite" finished-at="2026-01-13T16:13:29 IST" duration-ms="29226">
    <groups>
    </groups>
    <test started-at="2026-01-13T16:13:00 IST" name="Order Functional Tests" finished-at="2026-01-13T16:13:29 IST" duration-ms="29226">
      <class name="testcases.Order_Testcase">
        <test-method is-config="true" signature="beforeSuite()[pri:0, instance:testcases.Order_Testcase@4a9e6faf]" started-at="2026-01-13T16:13:00 IST" name="beforeSuite" finished-at="2026-01-13T16:13:00 IST" duration-ms="402" status="PASS">
          <reporter-output>
          </reporter-output>
        </test-method> <!-- beforeSuite -->
        <test-method is-config="true" signature="setup(java.lang.reflect.Method)[pri:0, instance:testcases.Order_Testcase@4a9e6faf]" started-at="2026-01-13T16:13:00 IST" name="setup" finished-at="2026-01-13T16:13:05 IST" duration-ms="4275" status="PASS">
          <params>
            <param index="0">
              <value>
                <![CDATA[public void testcases.Order_Testcase.placeOrderAndLogoutTest()]]>
              </value>
            </param>
          </params>
          <reporter-output>
          </reporter-output>
        </test-method> <!-- setup -->
        <test-method signature="placeOrderAndLogoutTest()[pri:0, instance:testcases.Order_Testcase@4a9e6faf]" started-at="2026-01-13T16:13:05 IST" name="placeOrderAndLogoutTest" finished-at="2026-01-13T16:13:28 IST" duration-ms="23021" status="PASS">
          <reporter-output>
          </reporter-output>
        </test-method> <!-- placeOrderAndLogoutTest -->
        <test-method is-config="true" signature="teardown()[pri:0, instance:testcases.Order_Testcase@4a9e6faf]" started-at="2026-01-13T16:13:28 IST" name="teardown" finished-at="2026-01-13T16:13:29 IST" duration-ms="1728" status="PASS">
          <reporter-output>
          </reporter-output>
        </test-method> <!-- teardown -->
        <test-method is-config="true" signature="afterSuite()[pri:0, instance:testcases.Order_Testcase@4a9e6faf]" started-at="2026-01-13T16:13:30 IST" name="afterSuite" finished-at="2026-01-13T16:13:30 IST" duration-ms="416" status="PASS">
          <reporter-output>
          </reporter-output>
        </test-method> <!-- afterSuite -->
      </class> <!-- testcases.Order_Testcase -->
    </test> <!-- Order Functional Tests -->
  </suite> <!-- Suite -->
</testng-results>
